# JRE version: OpenJDK Runtime Environment (8.0_282-b08) (build 1.8.0_282-b08)
# Java VM: OpenJDK 64-Bit Server VM (25.282-b08 mixed mode linux-amd64 compressed oops)
Heap:
 PSYoungGen      total 630272K, used 215232K [0x0000000580100000, 0x00000005ac280000, 0x0000000800000000)
  eden space 544768K, 39% used [0x0000000580100000,0x000000058d330118,0x00000005a1500000)
  from space 85504K, 0% used [0x00000005a6880000,0x00000005a6880000,0x00000005abc00000)
  to   space 85504K, 0% used [0x00000005a1500000,0x00000005a1500000,0x00000005a6880000)
 ParOldGen       total 1935360K, used 16135K [0x0000000080200000, 0x00000000f6400000, 0x0000000580100000)
  object space 1935360K, 0% used [0x0000000080200000,0x00000000811c1c98,0x00000000f6400000)
 Metaspace       used 48852K, capacity 49449K, committed 50008K, reserved 1093632K
  class space    used 6470K, capacity 6641K, committed 6744K, reserved 1048576K
GC Heap History (24 events):
Event: 0.753 GC heap before
{Heap before GC invocations=1 (full 0):
 PSYoungGen      total 600576K, used 103503K [0x0000000580100000, 0x00000005a9f00000, 0x0000000800000000)
  eden space 515072K, 20% used [0x0000000580100000,0x0000000586613f28,0x000000059f800000)
  from space 85504K, 0% used [0x00000005a4b80000,0x00000005a4b80000,0x00000005a9f00000)
  to   space 85504K, 0% used [0x000000059f800000,0x000000059f800000,0x00000005a4b80000)
 ParOldGen       total 1372160K, used 0K [0x0000000080200000, 0x00000000d3e00000, 0x0000000580100000)
  object space 1372160K, 0% used [0x0000000080200000,0x0000000080200000,0x00000000d3e00000)
 Metaspace       used 6125K, capacity 6214K, committed 6272K, reserved 1056768K
  class space    used 586K, capacity 626K, committed 640K, reserved 1048576K
Event: 0.758 GC heap after
Heap after GC invocations=1 (full 0):
 PSYoungGen      total 600576K, used 5947K [0x0000000580100000, 0x00000005a9f00000, 0x0000000800000000)
  eden space 515072K, 0% used [0x0000000580100000,0x0000000580100000,0x000000059f800000)
  from space 85504K, 6% used [0x000000059f800000,0x000000059fdcee90,0x00000005a4b80000)
  to   space 85504K, 0% used [0x00000005a4b80000,0x00000005a4b80000,0x00000005a9f00000)
 ParOldGen       total 1372160K, used 8K [0x0000000080200000, 0x00000000d3e00000, 0x0000000580100000)
  object space 1372160K, 0% used [0x0000000080200000,0x0000000080202000,0x00000000d3e00000)
 Metaspace       used 6125K, capacity 6214K, committed 6272K, reserved 1056768K
  class space    used 586K, capacity 626K, committed 640K, reserved 1048576K
}
Event: 0.758 GC heap before
{Heap before GC invocations=2 (full 1):
 PSYoungGen      total 600576K, used 5947K [0x0000000580100000, 0x00000005a9f00000, 0x0000000800000000)
  eden space 515072K, 0% used [0x0000000580100000,0x0000000580100000,0x000000059f800000)
  from space 85504K, 6% used [0x000000059f800000,0x000000059fdcee90,0x00000005a4b80000)
  to   space 85504K, 0% used [0x00000005a4b80000,0x00000005a4b80000,0x00000005a9f00000)
 ParOldGen       total 1372160K, used 8K [0x0000000080200000, 0x00000000d3e00000, 0x0000000580100000)
  object space 1372160K, 0% used [0x0000000080200000,0x0000000080202000,0x00000000d3e00000)
 Metaspace       used 6125K, capacity 6214K, committed 6272K, reserved 1056768K
  class space    used 586K, capacity 626K, committed 640K, reserved 1048576K
Event: 0.772 GC heap after
Heap after GC invocations=2 (full 1):
 PSYoungGen      total 600576K, used 0K [0x0000000580100000, 0x00000005a9f00000, 0x0000000800000000)
  eden space 515072K, 0% used [0x0000000580100000,0x0000000580100000,0x000000059f800000)
  from space 85504K, 0% used [0x000000059f800000,0x000000059f800000,0x00000005a4b80000)
  to   space 85504K, 0% used [0x00000005a4b80000,0x00000005a4b80000,0x00000005a9f00000)
 ParOldGen       total 1372160K, used 5606K [0x0000000080200000, 0x00000000d3e00000, 0x0000000580100000)
  object space 1372160K, 0% used [0x0000000080200000,0x0000000080779b10,0x00000000d3e00000)
 Metaspace       used 6125K, capacity 6214K, committed 6272K, reserved 1056768K
  class space    used 586K, capacity 626K, committed 640K, reserved 1048576K
}
Event: 1.141 GC heap before
{Heap before GC invocations=3 (full 1):
 PSYoungGen      total 600576K, used 92713K [0x0000000580100000, 0x00000005a9f00000, 0x0000000800000000)
  eden space 515072K, 18% used [0x0000000580100000,0x0000000585b8a5d8,0x000000059f800000)
  from space 85504K, 0% used [0x000000059f800000,0x000000059f800000,0x00000005a4b80000)
  to   space 85504K, 0% used [0x00000005a4b80000,0x00000005a4b80000,0x00000005a9f00000)
 ParOldGen       total 1372160K, used 5606K [0x0000000080200000, 0x00000000d3e00000, 0x0000000580100000)
  object space 1372160K, 0% used [0x0000000080200000,0x0000000080779b10,0x00000000d3e00000)
 Metaspace       used 8807K, capacity 9008K, committed 9088K, reserved 1056768K
  class space    used 957K, capacity 1078K, committed 1152K, reserved 1048576K
Event: 1.144 GC heap after
Heap after GC invocations=3 (full 1):
 PSYoungGen      total 600576K, used 2949K [0x0000000580100000, 0x00000005a9f00000, 0x0000000800000000)
  eden space 515072K, 0% used [0x0000000580100000,0x0000000580100000,0x000000059f800000)
  from space 85504K, 3% used [0x00000005a4b80000,0x00000005a4e61768,0x00000005a9f00000)
  to   space 85504K, 0% used [0x000000059f800000,0x000000059f800000,0x00000005a4b80000)
 ParOldGen       total 1372160K, used 5614K [0x0000000080200000, 0x00000000d3e00000, 0x0000000580100000)
  object space 1372160K, 0% used [0x0000000080200000,0x000000008077bb10,0x00000000d3e00000)
 Metaspace       used 8807K, capacity 9008K, committed 9088K, reserved 1056768K
  class space    used 957K, capacity 1078K, committed 1152K, reserved 1048576K
}
Event: 1.144 GC heap before
{Heap before GC invocations=4 (full 2):
 PSYoungGen      total 600576K, used 2949K [0x0000000580100000, 0x00000005a9f00000, 0x0000000800000000)
  eden space 515072K, 0% used [0x0000000580100000,0x0000000580100000,0x000000059f800000)
  from space 85504K, 3% used [0x00000005a4b80000,0x00000005a4e61768,0x00000005a9f00000)
  to   space 85504K, 0% used [0x000000059f800000,0x000000059f800000,0x00000005a4b80000)
 ParOldGen       total 1372160K, used 5614K [0x0000000080200000, 0x00000000d3e00000, 0x0000000580100000)
  object space 1372160K, 0% used [0x0000000080200000,0x000000008077bb10,0x00000000d3e00000)
 Metaspace       used 8807K, capacity 9008K, committed 9088K, reserved 1056768K
  class space    used 957K, capacity 1078K, committed 1152K, reserved 1048576K
Event: 1.192 GC heap after
Heap after GC invocations=4 (full 2):
 PSYoungGen      total 600576K, used 0K [0x0000000580100000, 0x00000005a9f00000, 0x0000000800000000)
  eden space 515072K, 0% used [0x0000000580100000,0x0000000580100000,0x000000059f800000)
  from space 85504K, 0% used [0x00000005a4b80000,0x00000005a4b80000,0x00000005a9f00000)
  to   space 85504K, 0% used [0x000000059f800000,0x000000059f800000,0x00000005a4b80000)
 ParOldGen       total 1372160K, used 6344K [0x0000000080200000, 0x00000000d3e00000, 0x0000000580100000)
  object space 1372160K, 0% used [0x0000000080200000,0x0000000080832278,0x00000000d3e00000)
 Metaspace       used 8807K, capacity 9008K, committed 9088K, reserved 1056768K
  class space    used 957K, capacity 1078K, committed 1152K, reserved 1048576K
}
Event: 2.324 GC heap before
{Heap before GC invocations=5 (full 2):
 PSYoungGen      total 600576K, used 252387K [0x0000000580100000, 0x00000005a9f00000, 0x0000000800000000)
  eden space 515072K, 49% used [0x0000000580100000,0x000000058f778e68,0x000000059f800000)
  from space 85504K, 0% used [0x00000005a4b80000,0x00000005a4b80000,0x00000005a9f00000)
  to   space 85504K, 0% used [0x000000059f800000,0x000000059f800000,0x00000005a4b80000)
 ParOldGen       total 1372160K, used 6344K [0x0000000080200000, 0x00000000d3e00000, 0x0000000580100000)
  object space 1372160K, 0% used [0x0000000080200000,0x0000000080832278,0x00000000d3e00000)
 Metaspace       used 20701K, capacity 20896K, committed 21248K, reserved 1067008K
  class space    used 2607K, capacity 2706K, committed 2816K, reserved 1048576K
Event: 2.335 GC heap after
Heap after GC invocations=5 (full 2):
 PSYoungGen      total 600576K, used 14466K [0x0000000580100000, 0x00000005a9f00000, 0x0000000800000000)
  eden space 515072K, 0% used [0x0000000580100000,0x0000000580100000,0x000000059f800000)
  from space 85504K, 16% used [0x000000059f800000,0x00000005a0620a88,0x00000005a4b80000)
  to   space 85504K, 0% used [0x00000005a4b80000,0x00000005a4b80000,0x00000005a9f00000)
 ParOldGen       total 1372160K, used 6416K [0x0000000080200000, 0x00000000d3e00000, 0x0000000580100000)
  object space 1372160K, 0% used [0x0000000080200000,0x0000000080844288,0x00000000d3e00000)
 Metaspace       used 20701K, capacity 20896K, committed 21248K, reserved 1067008K
  class space    used 2607K, capacity 2706K, committed 2816K, reserved 1048576K
}
Event: 2.335 GC heap before
{Heap before GC invocations=6 (full 3):
 PSYoungGen      total 600576K, used 14466K [0x0000000580100000, 0x00000005a9f00000, 0x0000000800000000)
  eden space 515072K, 0% used [0x0000000580100000,0x0000000580100000,0x000000059f800000)
  from space 85504K, 16% used [0x000000059f800000,0x00000005a0620a88,0x00000005a4b80000)
  to   space 85504K, 0% used [0x00000005a4b80000,0x00000005a4b80000,0x00000005a9f00000)
 ParOldGen       total 1372160K, used 6416K [0x0000000080200000, 0x00000000d3e00000, 0x0000000580100000)
  object space 1372160K, 0% used [0x0000000080200000,0x0000000080844288,0x00000000d3e00000)
 Metaspace       used 20701K, capacity 20896K, committed 21248K, reserved 1067008K
  class space    used 2607K, capacity 2706K, committed 2816K, reserved 1048576K
Event: 2.470 GC heap after
Heap after GC invocations=6 (full 3):
 PSYoungGen      total 600576K, used 0K [0x0000000580100000, 0x00000005a9f00000, 0x0000000800000000)
  eden space 515072K, 0% used [0x0000000580100000,0x0000000580100000,0x000000059f800000)
  from space 85504K, 0% used [0x000000059f800000,0x000000059f800000,0x00000005a4b80000)
  to   space 85504K, 0% used [0x00000005a4b80000,0x00000005a4b80000,0x00000005a9f00000)
 ParOldGen       total 1010176K, used 19275K [0x0000000080200000, 0x00000000bdc80000, 0x0000000580100000)
  object space 1010176K, 1% used [0x0000000080200000,0x00000000814d2d98,0x00000000bdc80000)
 Metaspace       used 20701K, capacity 20896K, committed 21248K, reserved 1067008K
  class space    used 2607K, capacity 2706K, committed 2816K, reserved 1048576K
}
Event: 2.522 GC heap before
{Heap before GC invocations=7 (full 3):
 PSYoungGen      total 600576K, used 36055K [0x0000000580100000, 0x00000005a9f00000, 0x0000000800000000)
  eden space 515072K, 7% used [0x0000000580100000,0x0000000582435d10,0x000000059f800000)
  from space 85504K, 0% used [0x000000059f800000,0x000000059f800000,0x00000005a4b80000)
  to   space 85504K, 0% used [0x00000005a4b80000,0x00000005a4b80000,0x00000005a9f00000)
 ParOldGen       total 1010176K, used 19275K [0x0000000080200000, 0x00000000bdc80000, 0x0000000580100000)
  object space 1010176K, 1% used [0x0000000080200000,0x00000000814d2d98,0x00000000bdc80000)
 Metaspace       used 21352K, capacity 21568K, committed 22016K, reserved 1069056K
  class space    used 2698K, capacity 2802K, committed 2816K, reserved 1048576K
Event: 2.537 GC heap after
Heap after GC invocations=7 (full 3):
 PSYoungGen      total 600576K, used 1137K [0x0000000580100000, 0x00000005ac600000, 0x0000000800000000)
  eden space 515072K, 0% used [0x0000000580100000,0x0000000580100000,0x000000059f800000)
  from space 85504K, 1% used [0x00000005a4b80000,0x00000005a4c9c710,0x00000005a9f00000)
  to   space 85504K, 0% used [0x000000059f800000,0x000000059f800000,0x00000005a4b80000)
 ParOldGen       total 1010176K, used 19283K [0x0000000080200000, 0x00000000bdc80000, 0x0000000580100000)
  object space 1010176K, 1% used [0x0000000080200000,0x00000000814d4d98,0x00000000bdc80000)
 Metaspace       used 21352K, capacity 21568K, committed 22016K, reserved 1069056K
  class space    used 2698K, capacity 2802K, committed 2816K, reserved 1048576K
}
Event: 2.537 GC heap before
{Heap before GC invocations=8 (full 4):
 PSYoungGen      total 600576K, used 1137K [0x0000000580100000, 0x00000005ac600000, 0x0000000800000000)
  eden space 515072K, 0% used [0x0000000580100000,0x0000000580100000,0x000000059f800000)
  from space 85504K, 1% used [0x00000005a4b80000,0x00000005a4c9c710,0x00000005a9f00000)
  to   space 85504K, 0% used [0x000000059f800000,0x000000059f800000,0x00000005a4b80000)
 ParOldGen       total 1010176K, used 19283K [0x0000000080200000, 0x00000000bdc80000, 0x0000000580100000)
  object space 1010176K, 1% used [0x0000000080200000,0x00000000814d4d98,0x00000000bdc80000)
 Metaspace       used 21352K, capacity 21568K, committed 22016K, reserved 1069056K
  class space    used 2698K, capacity 2802K, committed 2816K, reserved 1048576K
Event: 2.647 GC heap after
Heap after GC invocations=8 (full 4):
 PSYoungGen      total 600576K, used 0K [0x0000000580100000, 0x00000005ac600000, 0x0000000800000000)
  eden space 515072K, 0% used [0x0000000580100000,0x0000000580100000,0x000000059f800000)
  from space 85504K, 0% used [0x00000005a4b80000,0x00000005a4b80000,0x00000005a9f00000)
  to   space 85504K, 0% used [0x000000059f800000,0x000000059f800000,0x00000005a4b80000)
 ParOldGen       total 1010176K, used 14091K [0x0000000080200000, 0x00000000bdc80000, 0x0000000580100000)
  object space 1010176K, 1% used [0x0000000080200000,0x0000000080fc2c20,0x00000000bdc80000)
 Metaspace       used 21352K, capacity 21568K, committed 22016K, reserved 1069056K
  class space    used 2698K, capacity 2802K, committed 2816K, reserved 1048576K
}
Event: 4.420 GC heap before
{Heap before GC invocations=9 (full 4):
 PSYoungGen      total 600576K, used 407940K [0x0000000580100000, 0x00000005ac600000, 0x0000000800000000)
  eden space 515072K, 79% used [0x0000000580100000,0x0000000598f61378,0x000000059f800000)
  from space 85504K, 0% used [0x00000005a4b80000,0x00000005a4b80000,0x00000005a9f00000)
  to   space 85504K, 0% used [0x000000059f800000,0x000000059f800000,0x00000005a4b80000)
 ParOldGen       total 1010176K, used 14091K [0x0000000080200000, 0x00000000bdc80000, 0x0000000580100000)
  object space 1010176K, 1% used [0x0000000080200000,0x0000000080fc2c20,0x00000000bdc80000)
 Metaspace       used 35912K, capacity 36269K, committed 36696K, reserved 1081344K
  class space    used 4478K, capacity 4638K, committed 4696K, reserved 1048576K
Event: 4.428 GC heap after
Heap after GC invocations=9 (full 4):
 PSYoungGen      total 600576K, used 18867K [0x0000000580100000, 0x00000005abc00000, 0x0000000800000000)
  eden space 515072K, 0% used [0x0000000580100000,0x0000000580100000,0x000000059f800000)
  from space 85504K, 22% used [0x000000059f800000,0x00000005a0a6cdb8,0x00000005a4b80000)
  to   space 85504K, 0% used [0x00000005a6880000,0x00000005a6880000,0x00000005abc00000)
 ParOldGen       total 1010176K, used 14099K [0x0000000080200000, 0x00000000bdc80000, 0x0000000580100000)
  object space 1010176K, 1% used [0x0000000080200000,0x0000000080fc4c20,0x00000000bdc80000)
 Metaspace       used 35912K, capacity 36269K, committed 36696K, reserved 1081344K
  class space    used 4478K, capacity 4638K, committed 4696K, reserved 1048576K
}
Event: 4.428 GC heap before
{Heap before GC invocations=10 (full 5):
 PSYoungGen      total 600576K, used 18867K [0x0000000580100000, 0x00000005abc00000, 0x0000000800000000)
  eden space 515072K, 0% used [0x0000000580100000,0x0000000580100000,0x000000059f800000)
  from space 85504K, 22% used [0x000000059f800000,0x00000005a0a6cdb8,0x00000005a4b80000)
  to   space 85504K, 0% used [0x00000005a6880000,0x00000005a6880000,0x00000005abc00000)
 ParOldGen       total 1010176K, used 14099K [0x0000000080200000, 0x00000000bdc80000, 0x0000000580100000)
  object space 1010176K, 1% used [0x0000000080200000,0x0000000080fc4c20,0x00000000bdc80000)
 Metaspace       used 35912K, capacity 36269K, committed 36696K, reserved 1081344K
  class space    used 4478K, capacity 4638K, committed 4696K, reserved 1048576K
Event: 4.549 GC heap after
Heap after GC invocations=10 (full 5):
 PSYoungGen      total 600576K, used 0K [0x0000000580100000, 0x00000005abc00000, 0x0000000800000000)
  eden space 515072K, 0% used [0x0000000580100000,0x0000000580100000,0x000000059f800000)
  from space 85504K, 0% used [0x000000059f800000,0x000000059f800000,0x00000005a4b80000)
  to   space 85504K, 0% used [0x00000005a6880000,0x00000005a6880000,0x00000005abc00000)
 ParOldGen       total 1935360K, used 22477K [0x0000000080200000, 0x00000000f6400000, 0x0000000580100000)
  object space 1935360K, 1% used [0x0000000080200000,0x00000000817f3440,0x00000000f6400000)
 Metaspace       used 35912K, capacity 36269K, committed 36696K, reserved 1081344K
  class space    used 4478K, capacity 4638K, committed 4696K, reserved 1048576K
}
Event: 4.591 GC heap before
{Heap before GC invocations=11 (full 5):
 PSYoungGen      total 600576K, used 18833K [0x0000000580100000, 0x00000005abc00000, 0x0000000800000000)
  eden space 515072K, 3% used [0x0000000580100000,0x00000005813647d8,0x000000059f800000)
  from space 85504K, 0% used [0x000000059f800000,0x000000059f800000,0x00000005a4b80000)
  to   space 85504K, 0% used [0x00000005a6880000,0x00000005a6880000,0x00000005abc00000)
 ParOldGen       total 1935360K, used 22477K [0x0000000080200000, 0x00000000f6400000, 0x0000000580100000)
  object space 1935360K, 1% used [0x0000000080200000,0x00000000817f3440,0x00000000f6400000)
 Metaspace       used 35983K, capacity 36397K, committed 36952K, reserved 1081344K
  class space    used 4483K, capacity 4638K, committed 4696K, reserved 1048576K
Event: 4.593 GC heap after
Heap after GC invocations=11 (full 5):
 PSYoungGen      total 630272K, used 448K [0x0000000580100000, 0x00000005ac280000, 0x0000000800000000)
  eden space 544768K, 0% used [0x0000000580100000,0x0000000580100000,0x00000005a1500000)
  from space 85504K, 0% used [0x00000005a6880000,0x00000005a68f0000,0x00000005abc00000)
  to   space 85504K, 0% used [0x00000005a1500000,0x00000005a1500000,0x00000005a6880000)
 ParOldGen       total 1935360K, used 22485K [0x0000000080200000, 0x00000000f6400000, 0x0000000580100000)
  object space 1935360K, 1% used [0x0000000080200000,0x00000000817f5440,0x00000000f6400000)
 Metaspace       used 35983K, capacity 36397K, committed 36952K, reserved 1081344K
  class space    used 4483K, capacity 4638K, committed 4696K, reserved 1048576K
}
Event: 4.593 GC heap before
{Heap before GC invocations=12 (full 6):
 PSYoungGen      total 630272K, used 448K [0x0000000580100000, 0x00000005ac280000, 0x0000000800000000)
  eden space 544768K, 0% used [0x0000000580100000,0x0000000580100000,0x00000005a1500000)
  from space 85504K, 0% used [0x00000005a6880000,0x00000005a68f0000,0x00000005abc00000)
  to   space 85504K, 0% used [0x00000005a1500000,0x00000005a1500000,0x00000005a6880000)
 ParOldGen       total 1935360K, used 22485K [0x0000000080200000, 0x00000000f6400000, 0x0000000580100000)
  object space 1935360K, 1% used [0x0000000080200000,0x00000000817f5440,0x00000000f6400000)
 Metaspace       used 35983K, capacity 36397K, committed 36952K, reserved 1081344K
  class space    used 4483K, capacity 4638K, committed 4696K, reserved 1048576K
Event: 4.768 GC heap after
Heap after GC invocations=12 (full 6):
 PSYoungGen      total 630272K, used 0K [0x0000000580100000, 0x00000005ac280000, 0x0000000800000000)
  eden space 544768K, 0% used [0x0000000580100000,0x0000000580100000,0x00000005a1500000)
  from space 85504K, 0% used [0x00000005a6880000,0x00000005a6880000,0x00000005abc00000)
  to   space 85504K, 0% used [0x00000005a1500000,0x00000005a1500000,0x00000005a6880000)
 ParOldGen       total 1935360K, used 16135K [0x0000000080200000, 0x00000000f6400000, 0x0000000580100000)
  object space 1935360K, 0% used [0x0000000080200000,0x00000000811c1c98,0x00000000f6400000)
 Metaspace       used 35983K, capacity 36397K, committed 36952K, reserved 1081344K
  class space    used 4483K, capacity 4638K, committed 4696K, reserved 1048576K
}

